oct. 03, 2014 9:59:18 AM com.bonitaSoft.toolLdap.Main message
INFOS: y
oct. 03, 2014 9:59:18 AM com.bonitaSoft.toolLdap.Main message
INFOS: Please indicate your password for test (ex : myPassword) : 
oct. 03, 2014 9:59:27 AM com.bonitaSoft.toolLdap.Main message
INFOS: null
oct. 03, 2014 9:59:31 AM com.bonitaSoft.toolLdap.Main message
INFOS: Welcome!
oct. 03, 2014 9:59:31 AM com.bonitaSoft.toolLdap.Main message
INFOS: Please indicate your path for the JAAS configuration file (ex : C:\config.ldap) : 
oct. 03, 2014 9:59:34 AM com.bonitaSoft.toolLdap.Main message
INFOS: C:\DATAS\TASKS\Task 032 - ldap\config.ldap
oct. 03, 2014 9:59:34 AM com.bonitaSoft.toolLdap.Main message
INFOS: Your path for JAAS file is correct ? (yes or no) - C:\DATAS\TASKS\Task 032 - ldap\config.ldap : 
oct. 03, 2014 9:59:38 AM com.bonitaSoft.toolLdap.Main message
INFOS: y
oct. 03, 2014 9:59:38 AM com.bonitaSoft.toolLdap.Main message
INFOS: Please indicate your user name for test (ex : myUserName) : 
oct. 03, 2014 9:59:47 AM com.bonitaSoft.toolLdap.Main message
INFOS: antoine.mottier
oct. 03, 2014 9:59:47 AM com.bonitaSoft.toolLdap.Main message
INFOS: Your user name for test is correct ? (yes or no) - antoine.mottier : 
oct. 03, 2014 9:59:49 AM com.bonitaSoft.toolLdap.Main message
INFOS: y
oct. 03, 2014 9:59:49 AM com.bonitaSoft.toolLdap.Main message
INFOS: Please indicate your password for test (ex : myPassword) : 
oct. 03, 2014 10:00:00 AM com.bonitaSoft.toolLdap.Main message
INFOS: bonita2014
oct. 03, 2014 10:00:00 AM com.bonitaSoft.toolLdap.Main message
INFOS: Your password for test is correct ? (yes or no) - bonita2014 : 
oct. 03, 2014 10:00:01 AM com.bonitaSoft.toolLdap.Main message
INFOS: y
oct. 03, 2014 10:00:01 AM com.bonitaSoft.toolLdap.Main message
INFOS: Please indicate your id of conf LDAP (ex : myConf) : 
oct. 03, 2014 10:00:09 AM com.bonitaSoft.toolLdap.Main message
INFOS: test1
oct. 03, 2014 10:00:09 AM com.bonitaSoft.toolLdap.Main message
INFOS: Your id of conf LDAP is correct ? (yes or no) - test1 : 
oct. 03, 2014 10:00:11 AM com.bonitaSoft.toolLdap.Main message
INFOS: y
oct. 03, 2014 10:39:38 AM com.bonitaSoft.toolLdap.Main message
INFOS: Welcome!
oct. 03, 2014 10:39:38 AM com.bonitaSoft.toolLdap.Main message
INFOS: Please indicate your path for the JAAS configuration file (ex : C:\config.ldap) : 
oct. 03, 2014 10:39:42 AM com.bonitaSoft.toolLdap.Main message
INFOS: C:\DATAS\TASKS\Task 032 - ldap\config.ldap
oct. 03, 2014 10:39:42 AM com.bonitaSoft.toolLdap.Main message
INFOS: Your path for JAAS file is correct ? (yes or no) - C:\DATAS\TASKS\Task 032 - ldap\config.ldap : 
oct. 03, 2014 10:39:44 AM com.bonitaSoft.toolLdap.Main message
INFOS: y
oct. 03, 2014 10:39:44 AM com.bonitaSoft.toolLdap.Main message
INFOS: Please indicate your user name for test (ex : myUserName) : 
oct. 03, 2014 10:39:53 AM com.bonitaSoft.toolLdap.Main message
INFOS: antoine.mottier
oct. 03, 2014 10:39:53 AM com.bonitaSoft.toolLdap.Main message
INFOS: Your user name for test is correct ? (yes or no) - antoine.mottier : 
oct. 03, 2014 10:39:54 AM com.bonitaSoft.toolLdap.Main message
INFOS: y
oct. 03, 2014 10:39:54 AM com.bonitaSoft.toolLdap.Main message
INFOS: Please indicate your password for test (ex : myPassword) : 
oct. 03, 2014 10:40:00 AM com.bonitaSoft.toolLdap.Main message
INFOS: bonita2014
oct. 03, 2014 10:40:00 AM com.bonitaSoft.toolLdap.Main message
INFOS: Your password for test is correct ? (yes or no) - bonita2014 : 
oct. 03, 2014 10:40:01 AM com.bonitaSoft.toolLdap.Main message
INFOS: y
oct. 03, 2014 10:40:01 AM com.bonitaSoft.toolLdap.Main message
INFOS: Please indicate your id of conf LDAP (ex : myConf) : 
oct. 03, 2014 10:40:06 AM com.bonitaSoft.toolLdap.Main message
INFOS: test1
oct. 03, 2014 10:40:06 AM com.bonitaSoft.toolLdap.Main message
INFOS: Your id of conf LDAP is correct ? (yes or no) - test1 : 
oct. 03, 2014 10:40:08 AM com.bonitaSoft.toolLdap.Main message
INFOS: y
oct. 03, 2014 10:40:08 AM com.bonitaSoft.toolLdap.Main message
INFOS: Login success.
oct. 03, 2014 10:40:08 AM com.bonitaSoft.toolLdap.Main message
INFOS: You want to retry ? : 
oct. 03, 2014 10:40:16 AM com.bonitaSoft.toolLdap.Main message
INFOS: n
